Determining if the pthread_create exist failed with the following output:
Change Dir: /afs/andrew.cmu.edu/usr20/jikaiz/private/15618/project/sph-tutorial/build/CMakeFiles/CMakeTmp

Run Build Command(s):/usr/bin/gmake cmTC_aa1fa/fast 
/usr/bin/gmake -f CMakeFiles/cmTC_aa1fa.dir/build.make CMakeFiles/cmTC_aa1fa.dir/build
gmake[1]: Entering directory `/afs/andrew.cmu.edu/usr20/jikaiz/private/15618/project/sph-tutorial/build/CMakeFiles/CMakeTmp'
Building C object CMakeFiles/cmTC_aa1fa.dir/CheckSymbolExists.c.o
/usr/lib64/ccache/cc    -o CMakeFiles/cmTC_aa1fa.dir/CheckSymbolExists.c.o   -c /afs/andrew.cmu.edu/usr20/jikaiz/private/15618/project/sph-tutorial/build/CMakeFiles/CMakeTmp/CheckSymbolExists.c
Linking C executable cmTC_aa1fa
/afs/andrew.cmu.edu/usr20/jikaiz/private/software/bin/cmake -E cmake_link_script CMakeFiles/cmTC_aa1fa.dir/link.txt --verbose=1
/usr/lib64/ccache/cc      -rdynamic CMakeFiles/cmTC_aa1fa.dir/CheckSymbolExists.c.o  -o cmTC_aa1fa 
CMakeFiles/cmTC_aa1fa.dir/CheckSymbolExists.c.o: In function `main':
CheckSymbolExists.c:(.text+0x16): undefined reference to `pthread_create'
collect2: error: ld returned 1 exit status
gmake[1]: *** [cmTC_aa1fa] Error 1
gmake[1]: Leaving directory `/afs/andrew.cmu.edu/usr20/jikaiz/private/15618/project/sph-tutorial/build/CMakeFiles/CMakeTmp'
gmake: *** [cmTC_aa1fa/fast] Error 2

File /afs/andrew.cmu.edu/usr20/jikaiz/private/15618/project/sph-tutorial/build/CMakeFiles/CMakeTmp/CheckSymbolExists.c:
/* */
#include <pthread.h>

int main(int argc, char** argv)
{
  (void)argv;
#ifndef pthread_create
  return ((int*)(&pthread_create))[argc];
#else
  (void)argc;
  return 0;
#endif
}

Determining if the function pthread_create exists in the pthreads failed with the following output:
Change Dir: /afs/andrew.cmu.edu/usr20/jikaiz/private/15618/project/sph-tutorial/build/CMakeFiles/CMakeTmp

Run Build Command(s):/usr/bin/gmake cmTC_b1ae0/fast 
/usr/bin/gmake -f CMakeFiles/cmTC_b1ae0.dir/build.make CMakeFiles/cmTC_b1ae0.dir/build
gmake[1]: Entering directory `/afs/andrew.cmu.edu/usr20/jikaiz/private/15618/project/sph-tutorial/build/CMakeFiles/CMakeTmp'
Building C object CMakeFiles/cmTC_b1ae0.dir/CheckFunctionExists.c.o
/usr/lib64/ccache/cc   -DCHECK_FUNCTION_EXISTS=pthread_create   -o CMakeFiles/cmTC_b1ae0.dir/CheckFunctionExists.c.o   -c /afs/andrew.cmu.edu/usr20/jikaiz/private/software/share/cmake-3.14/Modules/CheckFunctionExists.c
Linking C executable cmTC_b1ae0
/afs/andrew.cmu.edu/usr20/jikaiz/private/software/bin/cmake -E cmake_link_script CMakeFiles/cmTC_b1ae0.dir/link.txt --verbose=1
/usr/lib64/ccache/cc  -DCHECK_FUNCTION_EXISTS=pthread_create    -rdynamic CMakeFiles/cmTC_b1ae0.dir/CheckFunctionExists.c.o  -o cmTC_b1ae0 -lpthreads 
/usr/bin/ld: cannot find -lpthreads
collect2: error: ld returned 1 exit status
gmake[1]: *** [cmTC_b1ae0] Error 1
gmake[1]: Leaving directory `/afs/andrew.cmu.edu/usr20/jikaiz/private/15618/project/sph-tutorial/build/CMakeFiles/CMakeTmp'
gmake: *** [cmTC_b1ae0/fast] Error 2


